<?xml version="1.0" encoding="UTF-8"?>
<robot generator="Robot 5.0 (Python 3.10.4 on win32)" generated="20220512 19:02:22.660" rpa="false" schemaversion="3">
<suite id="s1" name="Verify Invalid Credential Suite" source="D:\SignowareAutomation\Login_suite\verify_invalid_credential_suite.robot">
<test id="s1-t1" name="TC1" line="13">
<kw name="Link Browser" library="commonfunctionality" type="SETUP">
<kw name="Append To Environment Variable" library="OperatingSystem">
<arg>Path</arg>
<arg>${EXECDIR}${/}driver</arg>
<doc>Appends given ``values`` to environment variable ``name``.</doc>
<msg timestamp="20220512 19:02:25.019" level="INFO">Environment variable 'Path' set to value 'C:\Program Files\Eclipse Adoptium\jdk-8.0.322.6-hotspot\bin;C:\Program Files\Common Files\Oracle\Java\javapath;C:\ProgramData\Oracle\Java\javapath;C:\Program Files (x86)\Common Files\Oracle\Java\javapath;C:\Windows\system32;C:\Windows;C:\Windows\System32\Wbem;C:\Windows\System32\WindowsPowerShell\v1.0\;C:\Windows\System32\OpenSSH\;C:\Program Files (x86)\NVIDIA Corporation\PhysX\Common;C:\Program Files\NVIDIA Corporation\NVIDIA NvDLISR;C:\WINDOWS\system32;C:\WINDOWS;C:\WINDOWS\System32\Wbem;C:\WINDOWS\System32\WindowsPowerShell\v1.0\;C:\WINDOWS\System32\OpenSSH\;C:\Program Files\Git\cmd;C:\Program Files (x86)\dotnet\;C:\Program Files\Microsoft SQL Server\Client SDK\ODBC\170\Tools\Binn\;C:\Program Files (x86)\Microsoft SQL Server\150\Tools\Binn\;C:\Program Files\Microsoft SQL Server\150\Tools\Binn\;C:\Program Files\Microsoft SQL Server\150\DTS\Binn\;C:\Program Files (x86)\Microsoft SQL Server\150\DTS\Binn\;C:\Program Files\Azure Data Studio\bin;C:\Users\raghu\AppData\Local\Programs\Python\Python310\Scripts\;C:\Users\raghu\AppData\Local\Programs\Python\Python310\;C:\Users\raghu\AppData\Local\Programs\Python\Python310;C:\Program Files\MySQL\MySQL Shell 8.0\bin\;C:\Python\Scripts\;C:\Python\;C:\Users\raghu\AppData\Local\Microsoft\WindowsApps;C:\Users\raghu\AppData\Local\Programs\Microsoft VS Code\bin;C:\Users\raghu\.dotnet\tools;C:\Program Files\Azure Data Studio\bin;C:\Program Files\CMake\bin;;D:\SignowareAutomation\driver'.</msg>
<status status="PASS" starttime="20220512 19:02:25.018" endtime="20220512 19:02:25.019"/>
</kw>
<kw name="Open Browser" library="SeleniumLibrary">
<arg>browser=${BROWSER}</arg>
<doc>Opens a new browser instance to the optional ``url``.</doc>
<msg timestamp="20220512 19:02:25.020" level="INFO">Opening browser 'chrome' to base url 'None'.</msg>
<status status="PASS" starttime="20220512 19:02:25.020" endtime="20220512 19:02:27.583"/>
</kw>
<kw name="Maximize Browser Window" library="SeleniumLibrary">
<doc>Maximizes current browser window.</doc>
<status status="PASS" starttime="20220512 19:02:27.583" endtime="20220512 19:02:27.722"/>
</kw>
<kw name="Set Selenium Implicit Wait" library="SeleniumLibrary">
<arg>10s</arg>
<doc>Sets the implicit wait value used by Selenium.</doc>
<status status="PASS" starttime="20220512 19:02:27.722" endtime="20220512 19:02:27.725"/>
</kw>
<kw name="Set Screenshot Directory" library="SeleniumLibrary">
<arg>${EXECDIR}${/}screenshot</arg>
<doc>Sets the directory for captured screenshots.</doc>
<status status="PASS" starttime="20220512 19:02:27.725" endtime="20220512 19:02:27.727"/>
</kw>
<kw name="Go To" library="SeleniumLibrary">
<arg>url=${URL}</arg>
<doc>Navigates the current browser window to the provided ``url``.</doc>
<msg timestamp="20220512 19:02:27.728" level="INFO">Opening url 'https://signoraware.com/'</msg>
<status status="PASS" starttime="20220512 19:02:27.727" endtime="20220512 19:02:30.050"/>
</kw>
<status status="PASS" starttime="20220512 19:02:25.017" endtime="20220512 19:02:30.050"/>
</kw>
<kw name=" InValid Credential">
<arg>ram123@gmail.com</arg>
<arg>qwerty</arg>
<arg>Invalid Credential</arg>
<kw name="Click Element" library="SeleniumLibrary">
<arg>xpath=//a[contains(text(),'Sign In')]</arg>
<doc>Click the element identified by ``locator``.</doc>
<msg timestamp="20220512 19:02:30.053" level="INFO">Clicking element 'xpath=//a[contains(text(),'Sign In')]'.</msg>
<status status="PASS" starttime="20220512 19:02:30.052" endtime="20220512 19:02:32.487"/>
</kw>
<kw name="Input Text" library="SeleniumLibrary">
<arg>id=email</arg>
<arg>${email}</arg>
<doc>Types the given ``text`` into the text field identified by ``locator``.</doc>
<msg timestamp="20220512 19:02:32.488" level="INFO">Typing text 'ram123@gmail.com' into text field 'id=email'.</msg>
<status status="PASS" starttime="20220512 19:02:32.487" endtime="20220512 19:02:32.941"/>
</kw>
<kw name="Input Password" library="SeleniumLibrary">
<arg>id=pass</arg>
<arg>${password}</arg>
<doc>Types the given password into the text field identified by ``locator``.</doc>
<msg timestamp="20220512 19:02:32.942" level="INFO">Typing password into text field 'id=pass'.</msg>
<msg timestamp="20220512 19:02:33.037" level="INFO">Temporally setting log level to: NONE</msg>
<msg timestamp="20220512 19:02:33.130" level="INFO">Log level changed from NONE to INFO.</msg>
<status status="PASS" starttime="20220512 19:02:32.941" endtime="20220512 19:02:33.130"/>
</kw>
<status status="PASS" starttime="20220512 19:02:30.051" endtime="20220512 19:02:33.130"/>
</kw>
<kw name="Close Browser" library="SeleniumLibrary" type="TEARDOWN">
<doc>Closes the current browser.</doc>
<status status="PASS" starttime="20220512 19:02:33.132" endtime="20220512 19:02:35.428"/>
</kw>
<status status="PASS" starttime="20220512 19:02:25.012" endtime="20220512 19:02:35.429"/>
</test>
<test id="s1-t2" name="TC1" line="13">
<kw name="Link Browser" library="commonfunctionality" type="SETUP">
<kw name="Append To Environment Variable" library="OperatingSystem">
<arg>Path</arg>
<arg>${EXECDIR}${/}driver</arg>
<doc>Appends given ``values`` to environment variable ``name``.</doc>
<msg timestamp="20220512 19:02:35.442" level="INFO">Environment variable 'Path' set to value 'C:\Program Files\Eclipse Adoptium\jdk-8.0.322.6-hotspot\bin;C:\Program Files\Common Files\Oracle\Java\javapath;C:\ProgramData\Oracle\Java\javapath;C:\Program Files (x86)\Common Files\Oracle\Java\javapath;C:\Windows\system32;C:\Windows;C:\Windows\System32\Wbem;C:\Windows\System32\WindowsPowerShell\v1.0\;C:\Windows\System32\OpenSSH\;C:\Program Files (x86)\NVIDIA Corporation\PhysX\Common;C:\Program Files\NVIDIA Corporation\NVIDIA NvDLISR;C:\WINDOWS\system32;C:\WINDOWS;C:\WINDOWS\System32\Wbem;C:\WINDOWS\System32\WindowsPowerShell\v1.0\;C:\WINDOWS\System32\OpenSSH\;C:\Program Files\Git\cmd;C:\Program Files (x86)\dotnet\;C:\Program Files\Microsoft SQL Server\Client SDK\ODBC\170\Tools\Binn\;C:\Program Files (x86)\Microsoft SQL Server\150\Tools\Binn\;C:\Program Files\Microsoft SQL Server\150\Tools\Binn\;C:\Program Files\Microsoft SQL Server\150\DTS\Binn\;C:\Program Files (x86)\Microsoft SQL Server\150\DTS\Binn\;C:\Program Files\Azure Data Studio\bin;C:\Users\raghu\AppData\Local\Programs\Python\Python310\Scripts\;C:\Users\raghu\AppData\Local\Programs\Python\Python310\;C:\Users\raghu\AppData\Local\Programs\Python\Python310;C:\Program Files\MySQL\MySQL Shell 8.0\bin\;C:\Python\Scripts\;C:\Python\;C:\Users\raghu\AppData\Local\Microsoft\WindowsApps;C:\Users\raghu\AppData\Local\Programs\Microsoft VS Code\bin;C:\Users\raghu\.dotnet\tools;C:\Program Files\Azure Data Studio\bin;C:\Program Files\CMake\bin;;D:\SignowareAutomation\driver;D:\SignowareAutomation\driver'.</msg>
<status status="PASS" starttime="20220512 19:02:35.441" endtime="20220512 19:02:35.442"/>
</kw>
<kw name="Open Browser" library="SeleniumLibrary">
<arg>browser=${BROWSER}</arg>
<doc>Opens a new browser instance to the optional ``url``.</doc>
<msg timestamp="20220512 19:02:35.445" level="INFO">Opening browser 'chrome' to base url 'None'.</msg>
<status status="PASS" starttime="20220512 19:02:35.443" endtime="20220512 19:02:38.013"/>
</kw>
<kw name="Maximize Browser Window" library="SeleniumLibrary">
<doc>Maximizes current browser window.</doc>
<status status="PASS" starttime="20220512 19:02:38.013" endtime="20220512 19:02:38.159"/>
</kw>
<kw name="Set Selenium Implicit Wait" library="SeleniumLibrary">
<arg>10s</arg>
<doc>Sets the implicit wait value used by Selenium.</doc>
<status status="PASS" starttime="20220512 19:02:38.159" endtime="20220512 19:02:38.164"/>
</kw>
<kw name="Set Screenshot Directory" library="SeleniumLibrary">
<arg>${EXECDIR}${/}screenshot</arg>
<doc>Sets the directory for captured screenshots.</doc>
<status status="PASS" starttime="20220512 19:02:38.165" endtime="20220512 19:02:38.166"/>
</kw>
<kw name="Go To" library="SeleniumLibrary">
<arg>url=${URL}</arg>
<doc>Navigates the current browser window to the provided ``url``.</doc>
<msg timestamp="20220512 19:02:38.168" level="INFO">Opening url 'https://signoraware.com/'</msg>
<status status="PASS" starttime="20220512 19:02:38.167" endtime="20220512 19:02:40.759"/>
</kw>
<status status="PASS" starttime="20220512 19:02:35.440" endtime="20220512 19:02:40.760"/>
</kw>
<kw name=" InValid Credential">
<arg>roninrey@gmail.com</arg>
<arg>rey123</arg>
<arg>Invalid Credential</arg>
<kw name="Click Element" library="SeleniumLibrary">
<arg>xpath=//a[contains(text(),'Sign In')]</arg>
<doc>Click the element identified by ``locator``.</doc>
<msg timestamp="20220512 19:02:40.763" level="INFO">Clicking element 'xpath=//a[contains(text(),'Sign In')]'.</msg>
<status status="PASS" starttime="20220512 19:02:40.762" endtime="20220512 19:02:42.973"/>
</kw>
<kw name="Input Text" library="SeleniumLibrary">
<arg>id=email</arg>
<arg>${email}</arg>
<doc>Types the given ``text`` into the text field identified by ``locator``.</doc>
<msg timestamp="20220512 19:02:42.974" level="INFO">Typing text 'roninrey@gmail.com' into text field 'id=email'.</msg>
<status status="PASS" starttime="20220512 19:02:42.974" endtime="20220512 19:02:43.457"/>
</kw>
<kw name="Input Password" library="SeleniumLibrary">
<arg>id=pass</arg>
<arg>${password}</arg>
<doc>Types the given password into the text field identified by ``locator``.</doc>
<msg timestamp="20220512 19:02:43.458" level="INFO">Typing password into text field 'id=pass'.</msg>
<msg timestamp="20220512 19:02:43.554" level="INFO">Temporally setting log level to: NONE</msg>
<msg timestamp="20220512 19:02:43.654" level="INFO">Log level changed from NONE to INFO.</msg>
<status status="PASS" starttime="20220512 19:02:43.457" endtime="20220512 19:02:43.654"/>
</kw>
<status status="PASS" starttime="20220512 19:02:40.761" endtime="20220512 19:02:43.654"/>
</kw>
<kw name="Close Browser" library="SeleniumLibrary" type="TEARDOWN">
<doc>Closes the current browser.</doc>
<status status="PASS" starttime="20220512 19:02:43.656" endtime="20220512 19:02:45.953"/>
</kw>
<status status="PASS" starttime="20220512 19:02:35.435" endtime="20220512 19:02:45.954"/>
</test>
<test id="s1-t3" name="TC1" line="13">
<kw name="Link Browser" library="commonfunctionality" type="SETUP">
<kw name="Append To Environment Variable" library="OperatingSystem">
<arg>Path</arg>
<arg>${EXECDIR}${/}driver</arg>
<doc>Appends given ``values`` to environment variable ``name``.</doc>
<msg timestamp="20220512 19:02:45.968" level="INFO">Environment variable 'Path' set to value 'C:\Program Files\Eclipse Adoptium\jdk-8.0.322.6-hotspot\bin;C:\Program Files\Common Files\Oracle\Java\javapath;C:\ProgramData\Oracle\Java\javapath;C:\Program Files (x86)\Common Files\Oracle\Java\javapath;C:\Windows\system32;C:\Windows;C:\Windows\System32\Wbem;C:\Windows\System32\WindowsPowerShell\v1.0\;C:\Windows\System32\OpenSSH\;C:\Program Files (x86)\NVIDIA Corporation\PhysX\Common;C:\Program Files\NVIDIA Corporation\NVIDIA NvDLISR;C:\WINDOWS\system32;C:\WINDOWS;C:\WINDOWS\System32\Wbem;C:\WINDOWS\System32\WindowsPowerShell\v1.0\;C:\WINDOWS\System32\OpenSSH\;C:\Program Files\Git\cmd;C:\Program Files (x86)\dotnet\;C:\Program Files\Microsoft SQL Server\Client SDK\ODBC\170\Tools\Binn\;C:\Program Files (x86)\Microsoft SQL Server\150\Tools\Binn\;C:\Program Files\Microsoft SQL Server\150\Tools\Binn\;C:\Program Files\Microsoft SQL Server\150\DTS\Binn\;C:\Program Files (x86)\Microsoft SQL Server\150\DTS\Binn\;C:\Program Files\Azure Data Studio\bin;C:\Users\raghu\AppData\Local\Programs\Python\Python310\Scripts\;C:\Users\raghu\AppData\Local\Programs\Python\Python310\;C:\Users\raghu\AppData\Local\Programs\Python\Python310;C:\Program Files\MySQL\MySQL Shell 8.0\bin\;C:\Python\Scripts\;C:\Python\;C:\Users\raghu\AppData\Local\Microsoft\WindowsApps;C:\Users\raghu\AppData\Local\Programs\Microsoft VS Code\bin;C:\Users\raghu\.dotnet\tools;C:\Program Files\Azure Data Studio\bin;C:\Program Files\CMake\bin;;D:\SignowareAutomation\driver;D:\SignowareAutomation\driver;D:\SignowareAutomation\driver'.</msg>
<status status="PASS" starttime="20220512 19:02:45.967" endtime="20220512 19:02:45.968"/>
</kw>
<kw name="Open Browser" library="SeleniumLibrary">
<arg>browser=${BROWSER}</arg>
<doc>Opens a new browser instance to the optional ``url``.</doc>
<msg timestamp="20220512 19:02:45.970" level="INFO">Opening browser 'chrome' to base url 'None'.</msg>
<status status="PASS" starttime="20220512 19:02:45.969" endtime="20220512 19:02:48.625"/>
</kw>
<kw name="Maximize Browser Window" library="SeleniumLibrary">
<doc>Maximizes current browser window.</doc>
<status status="PASS" starttime="20220512 19:02:48.626" endtime="20220512 19:02:48.764"/>
</kw>
<kw name="Set Selenium Implicit Wait" library="SeleniumLibrary">
<arg>10s</arg>
<doc>Sets the implicit wait value used by Selenium.</doc>
<status status="PASS" starttime="20220512 19:02:48.765" endtime="20220512 19:02:48.770"/>
</kw>
<kw name="Set Screenshot Directory" library="SeleniumLibrary">
<arg>${EXECDIR}${/}screenshot</arg>
<doc>Sets the directory for captured screenshots.</doc>
<status status="PASS" starttime="20220512 19:02:48.770" endtime="20220512 19:02:48.772"/>
</kw>
<kw name="Go To" library="SeleniumLibrary">
<arg>url=${URL}</arg>
<doc>Navigates the current browser window to the provided ``url``.</doc>
<msg timestamp="20220512 19:02:48.774" level="INFO">Opening url 'https://signoraware.com/'</msg>
<status status="PASS" starttime="20220512 19:02:48.772" endtime="20220512 19:02:50.758"/>
</kw>
<status status="PASS" starttime="20220512 19:02:45.966" endtime="20220512 19:02:50.759"/>
</kw>
<kw name=" InValid Credential">
<arg>abi10@gmail.com</arg>
<arg>abi@2420</arg>
<arg>Invalid Credential</arg>
<kw name="Click Element" library="SeleniumLibrary">
<arg>xpath=//a[contains(text(),'Sign In')]</arg>
<doc>Click the element identified by ``locator``.</doc>
<msg timestamp="20220512 19:02:50.762" level="INFO">Clicking element 'xpath=//a[contains(text(),'Sign In')]'.</msg>
<status status="PASS" starttime="20220512 19:02:50.762" endtime="20220512 19:02:52.895"/>
</kw>
<kw name="Input Text" library="SeleniumLibrary">
<arg>id=email</arg>
<arg>${email}</arg>
<doc>Types the given ``text`` into the text field identified by ``locator``.</doc>
<msg timestamp="20220512 19:02:52.897" level="INFO">Typing text 'abi10@gmail.com' into text field 'id=email'.</msg>
<status status="PASS" starttime="20220512 19:02:52.896" endtime="20220512 19:02:53.347"/>
</kw>
<kw name="Input Password" library="SeleniumLibrary">
<arg>id=pass</arg>
<arg>${password}</arg>
<doc>Types the given password into the text field identified by ``locator``.</doc>
<msg timestamp="20220512 19:02:53.349" level="INFO">Typing password into text field 'id=pass'.</msg>
<msg timestamp="20220512 19:02:53.452" level="INFO">Temporally setting log level to: NONE</msg>
<msg timestamp="20220512 19:02:53.554" level="INFO">Log level changed from NONE to INFO.</msg>
<status status="PASS" starttime="20220512 19:02:53.347" endtime="20220512 19:02:53.554"/>
</kw>
<status status="PASS" starttime="20220512 19:02:50.760" endtime="20220512 19:02:53.554"/>
</kw>
<kw name="Close Browser" library="SeleniumLibrary" type="TEARDOWN">
<doc>Closes the current browser.</doc>
<status status="PASS" starttime="20220512 19:02:53.555" endtime="20220512 19:02:55.840"/>
</kw>
<status status="PASS" starttime="20220512 19:02:45.960" endtime="20220512 19:02:55.841"/>
</test>
<doc>This suite will handle Invalid credentials</doc>
<status status="PASS" starttime="20220512 19:02:22.664" endtime="20220512 19:02:55.845"/>
</suite>
<statistics>
<total>
<stat pass="3" fail="0" skip="0">All Tests</stat>
</total>
<tag>
</tag>
<suite>
<stat pass="3" fail="0" skip="0" id="s1" name="Verify Invalid Credential Suite">Verify Invalid Credential Suite</stat>
</suite>
</statistics>
<errors>
<msg timestamp="20220512 19:02:35.433" level="WARN">Multiple tests with name 'TC1' executed in suite 'Verify Invalid Credential Suite'.</msg>
<msg timestamp="20220512 19:02:45.958" level="WARN">Multiple tests with name 'TC1' executed in suite 'Verify Invalid Credential Suite'.</msg>
</errors>
</robot>
