<?xml version="1.0" encoding="UTF-8"?>
<robot generator="Robot 5.0 (Python 3.10.4 on win32)" generated="20220512 17:01:09.516" rpa="false" schemaversion="3">
<suite id="s1" name="Loginpage" source="D:\SignowareAutomation\Login_suite\loginpage.robot">
<test id="s1-t1" name="TC1" line="10">
<kw name="Link Browser" library="commonfunctionality" type="SETUP">
<kw name="Append To Environment Variable" library="OperatingSystem">
<arg>Path</arg>
<arg>${EXECDIR}${/}driver</arg>
<doc>Appends given ``values`` to environment variable ``name``.</doc>
<msg timestamp="20220512 17:01:10.177" level="INFO">Environment variable 'Path' set to value 'C:\Program Files\Eclipse Adoptium\jdk-8.0.322.6-hotspot\bin;C:\Program Files\Common Files\Oracle\Java\javapath;C:\ProgramData\Oracle\Java\javapath;C:\Program Files (x86)\Common Files\Oracle\Java\javapath;C:\Windows\system32;C:\Windows;C:\Windows\System32\Wbem;C:\Windows\System32\WindowsPowerShell\v1.0\;C:\Windows\System32\OpenSSH\;C:\Program Files (x86)\NVIDIA Corporation\PhysX\Common;C:\Program Files\NVIDIA Corporation\NVIDIA NvDLISR;C:\WINDOWS\system32;C:\WINDOWS;C:\WINDOWS\System32\Wbem;C:\WINDOWS\System32\WindowsPowerShell\v1.0\;C:\WINDOWS\System32\OpenSSH\;C:\Program Files\Git\cmd;C:\Program Files (x86)\dotnet\;C:\Program Files\Microsoft SQL Server\Client SDK\ODBC\170\Tools\Binn\;C:\Program Files (x86)\Microsoft SQL Server\150\Tools\Binn\;C:\Program Files\Microsoft SQL Server\150\Tools\Binn\;C:\Program Files\Microsoft SQL Server\150\DTS\Binn\;C:\Program Files (x86)\Microsoft SQL Server\150\DTS\Binn\;C:\Program Files\Azure Data Studio\bin;C:\Users\raghu\AppData\Local\Programs\Python\Python310\Scripts\;C:\Users\raghu\AppData\Local\Programs\Python\Python310\;C:\Users\raghu\AppData\Local\Programs\Python\Python310;C:\Program Files\MySQL\MySQL Shell 8.0\bin\;C:\Python\Scripts\;C:\Python\;C:\Users\raghu\AppData\Local\Microsoft\WindowsApps;C:\Users\raghu\AppData\Local\Programs\Microsoft VS Code\bin;C:\Users\raghu\.dotnet\tools;C:\Program Files\Azure Data Studio\bin;C:\Program Files\CMake\bin;;D:\SignowareAutomation\driver'.</msg>
<status status="PASS" starttime="20220512 17:01:10.176" endtime="20220512 17:01:10.178"/>
</kw>
<kw name="Open Browser" library="SeleniumLibrary">
<arg>browser=${BROWSER}</arg>
<doc>Opens a new browser instance to the optional ``url``.</doc>
<msg timestamp="20220512 17:01:10.179" level="INFO">Opening browser 'chrome' to base url 'None'.</msg>
<status status="PASS" starttime="20220512 17:01:10.178" endtime="20220512 17:01:12.891"/>
</kw>
<kw name="Maximize Browser Window" library="SeleniumLibrary">
<doc>Maximizes current browser window.</doc>
<status status="PASS" starttime="20220512 17:01:12.891" endtime="20220512 17:01:13.065"/>
</kw>
<kw name="Set Selenium Implicit Wait" library="SeleniumLibrary">
<arg>30s</arg>
<doc>Sets the implicit wait value used by Selenium.</doc>
<status status="PASS" starttime="20220512 17:01:13.065" endtime="20220512 17:01:13.070"/>
</kw>
<kw name="Set Screenshot Directory" library="SeleniumLibrary">
<arg>${EXECDIR}${/}screenshot</arg>
<doc>Sets the directory for captured screenshots.</doc>
<status status="PASS" starttime="20220512 17:01:13.071" endtime="20220512 17:01:13.072"/>
</kw>
<kw name="Go To" library="SeleniumLibrary">
<arg>url=${URL}</arg>
<doc>Navigates the current browser window to the provided ``url``.</doc>
<msg timestamp="20220512 17:01:13.074" level="INFO">Opening url 'https://signoraware.com/'</msg>
<status status="PASS" starttime="20220512 17:01:13.073" endtime="20220512 17:01:14.945"/>
</kw>
<status status="PASS" starttime="20220512 17:01:10.175" endtime="20220512 17:01:14.945"/>
</kw>
<kw name="Append To Environment Variable" library="OperatingSystem">
<arg>path</arg>
<arg>${EXECDIR}${/}Driver</arg>
<doc>Appends given ``values`` to environment variable ``name``.</doc>
<msg timestamp="20220512 17:01:14.948" level="INFO">Environment variable 'path' set to value 'C:\Program Files\Eclipse Adoptium\jdk-8.0.322.6-hotspot\bin;C:\Program Files\Common Files\Oracle\Java\javapath;C:\ProgramData\Oracle\Java\javapath;C:\Program Files (x86)\Common Files\Oracle\Java\javapath;C:\Windows\system32;C:\Windows;C:\Windows\System32\Wbem;C:\Windows\System32\WindowsPowerShell\v1.0\;C:\Windows\System32\OpenSSH\;C:\Program Files (x86)\NVIDIA Corporation\PhysX\Common;C:\Program Files\NVIDIA Corporation\NVIDIA NvDLISR;C:\WINDOWS\system32;C:\WINDOWS;C:\WINDOWS\System32\Wbem;C:\WINDOWS\System32\WindowsPowerShell\v1.0\;C:\WINDOWS\System32\OpenSSH\;C:\Program Files\Git\cmd;C:\Program Files (x86)\dotnet\;C:\Program Files\Microsoft SQL Server\Client SDK\ODBC\170\Tools\Binn\;C:\Program Files (x86)\Microsoft SQL Server\150\Tools\Binn\;C:\Program Files\Microsoft SQL Server\150\Tools\Binn\;C:\Program Files\Microsoft SQL Server\150\DTS\Binn\;C:\Program Files (x86)\Microsoft SQL Server\150\DTS\Binn\;C:\Program Files\Azure Data Studio\bin;C:\Users\raghu\AppData\Local\Programs\Python\Python310\Scripts\;C:\Users\raghu\AppData\Local\Programs\Python\Python310\;C:\Users\raghu\AppData\Local\Programs\Python\Python310;C:\Program Files\MySQL\MySQL Shell 8.0\bin\;C:\Python\Scripts\;C:\Python\;C:\Users\raghu\AppData\Local\Microsoft\WindowsApps;C:\Users\raghu\AppData\Local\Programs\Microsoft VS Code\bin;C:\Users\raghu\.dotnet\tools;C:\Program Files\Azure Data Studio\bin;C:\Program Files\CMake\bin;;D:\SignowareAutomation\driver;D:\SignowareAutomation\Driver'.</msg>
<status status="PASS" starttime="20220512 17:01:14.947" endtime="20220512 17:01:14.948"/>
</kw>
<kw name="Maximize Browser Window" library="SeleniumLibrary">
<doc>Maximizes current browser window.</doc>
<status status="PASS" starttime="20220512 17:01:14.949" endtime="20220512 17:01:14.995"/>
</kw>
<kw name="Open Browser" library="SeleniumLibrary">
<arg>url=https://signoraware.com/</arg>
<arg>browser=chrome</arg>
<doc>Opens a new browser instance to the optional ``url``.</doc>
<msg timestamp="20220512 17:01:14.998" level="INFO">Opening browser 'chrome' to base url 'https://signoraware.com/'.</msg>
<status status="PASS" starttime="20220512 17:01:14.997" endtime="20220512 17:01:19.673"/>
</kw>
<kw name="Click Element" library="SeleniumLibrary">
<arg>xpath=//a[contains(text(),'Sign In')]</arg>
<doc>Click the element identified by ``locator``.</doc>
<msg timestamp="20220512 17:01:19.675" level="INFO">Clicking element 'xpath=//a[contains(text(),'Sign In')]'.</msg>
<status status="PASS" starttime="20220512 17:01:19.674" endtime="20220512 17:01:21.432"/>
</kw>
<kw name="Input Text" library="SeleniumLibrary">
<arg>id=email</arg>
<arg>ram10@gmail.com</arg>
<doc>Types the given ``text`` into the text field identified by ``locator``.</doc>
<msg timestamp="20220512 17:01:21.434" level="INFO">Typing text 'ram10@gmail.com' into text field 'id=email'.</msg>
<status status="PASS" starttime="20220512 17:01:21.433" endtime="20220512 17:01:21.943"/>
</kw>
<kw name="Input Password" library="SeleniumLibrary">
<arg>id=pass</arg>
<arg>Ram@1234</arg>
<doc>Types the given password into the text field identified by ``locator``.</doc>
<msg timestamp="20220512 17:01:21.945" level="INFO">Typing password into text field 'id=pass'.</msg>
<msg timestamp="20220512 17:01:22.058" level="INFO">Temporally setting log level to: NONE</msg>
<msg timestamp="20220512 17:01:22.186" level="INFO">Log level changed from NONE to INFO.</msg>
<status status="PASS" starttime="20220512 17:01:21.944" endtime="20220512 17:01:22.186"/>
</kw>
<kw name="Click Element" library="SeleniumLibrary">
<arg>xpath=//span[text()='Sign In']</arg>
<doc>Click the element identified by ``locator``.</doc>
<msg timestamp="20220512 17:01:22.188" level="INFO">Clicking element 'xpath=//span[text()='Sign In']'.</msg>
<status status="PASS" starttime="20220512 17:01:22.187" endtime="20220512 17:01:23.997"/>
</kw>
<status status="PASS" starttime="20220512 17:01:10.172" endtime="20220512 17:01:23.998"/>
</test>
<status status="PASS" starttime="20220512 17:01:09.520" endtime="20220512 17:01:24.003"/>
</suite>
<statistics>
<total>
<stat pass="1" fail="0" skip="0">All Tests</stat>
</total>
<tag>
</tag>
<suite>
<stat pass="1" fail="0" skip="0" id="s1" name="Loginpage">Loginpage</stat>
</suite>
</statistics>
<errors>
</errors>
</robot>
